<?xml version="1.0" encoding="UTF-8"?>
<!-- Generated by org.testng.reporters.JUnitReportReporter -->
<testsuite skipped="1" hostname="CGSCLXI54290887" name="practise.Login" tests="3" failures="0" timestamp="2020-04-04T12:53:43 IST" time="0.018" errors="1">
  <testcase name="MobileLogin" time="0.018" classname="practise.Login"/>
  <system-out/>
  <testcase name="WebLogin1" time="0.000" classname="practise.Login">
    <error type="org.testng.TestNGException" message="
Parameter &#039;url&#039; is required by @Test on method WebLogin1 but has not been marked @Optional or defined
in C:\Users\BRLAVAN\Desktop\DL\Personal\TESTNG\testng_parallel.xml">
      <![CDATA[org.testng.TestNGException: 
Parameter 'url' is required by @Test on method WebLogin1 but has not been marked @Optional or defined
in C:\Users\BRLAVAN\Desktop\DL\Personal\TESTNG\testng_parallel.xml
at org.testng.internal.Parameters.createParams(Parameters.java:268)
at org.testng.internal.Parameters.createParametersForMethod(Parameters.java:356)
at org.testng.internal.Parameters.createParameters(Parameters.java:700)
at org.testng.internal.Parameters.handleParameters(Parameters.java:875)
at org.testng.internal.Parameters.handleParameters(Parameters.java:740)
at org.testng.internal.ParameterHandler.handleParameters(ParameterHandler.java:59)
at org.testng.internal.ParameterHandler.createParameters(ParameterHandler.java:38)
at org.testng.internal.TestInvoker$MethodInvocationAgent.invoke(TestInvoker.java:788)
at org.testng.internal.TestInvoker.invokeTestMethods(TestInvoker.java:147)
at org.testng.internal.TestMethodWorker.invokeTestMethods(TestMethodWorker.java:146)
at org.testng.internal.TestMethodWorker.run(TestMethodWorker.java:128)
at java.util.ArrayList.forEach(Unknown Source)
at org.testng.TestRunner.privateRun(TestRunner.java:767)
at org.testng.TestRunner.run(TestRunner.java:588)
at org.testng.SuiteRunner.runTest(SuiteRunner.java:384)
at org.testng.SuiteRunner.access$000(SuiteRunner.java:28)
at org.testng.SuiteRunner$SuiteWorker.run(SuiteRunner.java:425)
at org.testng.internal.thread.ThreadUtil.lambda$execute$0(ThreadUtil.java:68)
at java.util.concurrent.FutureTask.run(Unknown Source)
at java.util.concurrent.ThreadPoolExecutor.runWorker(Unknown Source)
at java.util.concurrent.ThreadPoolExecutor$Worker.run(Unknown Source)
at java.lang.Thread.run(Unknown Source)
]]>
    </error>
  </testcase> <!-- WebLogin1 -->
  <system-out/>
  <testcase name="DesktopLogin" classname="practise.Login">
    <skipped/>
  </testcase> <!-- DesktopLogin -->
  <system-out/>
</testsuite> <!-- practise.Login -->
